** Message: 10:42:17.390: environement.vala:58: Exporting primary_variable
** Message: 10:42:17.390: environement.vala:59: desktop_environnement XDG_CURRENT_DESKTOP
** Message: 10:42:17.391: environement.vala:150: confir_dirs is null, export : /etc/xdg
** Message: 10:42:17.402: environement.vala:184: Exporting XDG_CONFIG_DIRS
** Message: 10:42:17.403: environement.vala:218: custom_data :
** Message: 10:42:17.403: environement.vala:219: data_dirs :/usr/local/share:/usr/share/raspi-ui-overrides:/usr/share:/usr/share/gdm:/var/lib/menu-xdg
** Message: 10:42:17.403: environement.vala:220: data_dirs not null, export : /usr/local/share:/usr/share/raspi-ui-overrides:/usr/share:/usr/share/gdm:/var/lib/menu-xdg
** Message: 10:42:17.404: environement.vala:225: Exporting XDG_DATA_DIRS
** Message: 10:42:17.406: utils.vala:138: Config system location : /etc/xdg/lxsession/LXDE-pi
** Message: 10:42:17.449: utils.vala:144: System system path location : /etc/xdg/lxsession/LXDE-pi/desktop.conf
** Message: 10:42:17.449: utils.vala:148: Final file used : /etc/xdg/lxsession/LXDE-pi/desktop.conf
** Message: 10:42:17.450: utils.vala:39: Config system location : /etc/xdg/lxsession/LXDE-pi
** Message: 10:42:17.450: utils.vala:45: System system path location : /etc/xdg/lxsession/LXDE-pi/desktop.conf

** (lxsession:758): WARNING **: 10:42:17.474: utils.vala:70: No such file or directory
** Message: 10:42:17.475: settings.vala:540: Key file does not have key “iGtk/ColorScheme” in group “GTK”
** Message: 10:42:17.475: settings.vala:540: Key file does not have key “windows_manager/command” in group “Session”
** Message: 10:42:17.476: settings.vala:540: Key file does not have key “panel/command” in group “Session”
** Message: 10:42:17.476: settings.vala:540: Key file does not have key “dock/command” in group “Session”
** Message: 10:42:17.476: settings.vala:540: Key file does not have key “file_manager/command” in group “Session”
** Message: 10:42:17.477: settings.vala:540: Key file does not have key “desktop_manager/command” in group “Session”
** Message: 10:42:17.477: settings.vala:540: Key file does not have key “launcher_manager/autostart” in group “Session”
** Message: 10:42:17.478: settings.vala:540: Key file does not have key “composite_manager/command” in group “Session”
** Message: 10:42:17.478: settings.vala:540: Key file does not have key “im1/command” in group “Session”
** Message: 10:42:17.479: settings.vala:540: Key file does not have key “im2/command” in group “Session”
** Message: 10:42:17.479: settings.vala:540: Key file does not have key “widget1/command” in group “Session”
** Message: 10:42:17.480: settings.vala:540: Key file does not have key “notification/command” in group “Session”
** Message: 10:42:17.512: settings.vala:540: Key file does not have key “keybindings/command” in group “Session”
** Message: 10:42:17.512: settings.vala:540: Key file does not have key “im_manager/command” in group “Session”
** Message: 10:42:17.513: settings.vala:540: Key file does not have key “screensaver/command” in group “Session”
** Message: 10:42:17.513: settings.vala:540: Key file does not have key “power_manager/command” in group “Session”
** Message: 10:42:17.514: settings.vala:540: Key file does not have key “audio_manager/command” in group “Session”
** Message: 10:42:17.514: settings.vala:540: Key file does not have key “workspace_manager/command” in group “Session”
** Message: 10:42:17.515: settings.vala:540: Key file does not have key “screenshot_manager/command” in group “Session”
** Message: 10:42:17.516: settings.vala:540: Key file does not have key “message_manager/command” in group “Session”
** Message: 10:42:17.516: settings.vala:540: Key file does not have key “upgrade_manager/command” in group “Session”
** Message: 10:42:17.517: settings.vala:540: Key file does not have key “updates_manager/command” in group “Session”
** Message: 10:42:17.517: settings.vala:540: Key file does not have key “updates_manager/timeout” in group “Session”
** Message: 10:42:17.518: settings.vala:540: Key file does not have key “crash_manager/command” in group “Session”
** Message: 10:42:17.518: settings.vala:540: Key file does not have key “crash_manager/dev_mode” in group “Session”
** Message: 10:42:17.566: settings.vala:540: Key file does not have key “crash_manager/timeout” in group “Session”
** Message: 10:42:17.567: settings.vala:540: Key file does not have key “upstart_user_session” in group “Session”
** Message: 10:42:17.567: settings.vala:540: Key file does not have key “proxy_manager/http” in group “Session”
** Message: 10:42:17.568: settings.vala:540: Key file does not have key “a11y/command” in group “Session”
** Message: 10:42:17.568: settings.vala:540: Key file does not have key “xrandr/command” in group “Session”
** Message: 10:42:17.569: settings.vala:540: Key file does not have key “network_gui/command” in group “Session”
** Message: 10:42:17.569: settings.vala:540: Key file does not have key “webbrowser/command” in group “Session”
** Message: 10:42:17.570: settings.vala:540: Key file does not have key “email/command” in group “Session”
** Message: 10:42:17.570: settings.vala:540: Key file does not have key “pdf_reader/command” in group “Session”
** Message: 10:42:17.571: settings.vala:540: Key file does not have key “video_player/command” in group “Session”
** Message: 10:42:17.592: settings.vala:540: Key file does not have key “audio_player/command” in group “Session”
** Message: 10:42:17.592: settings.vala:540: Key file does not have key “images_display/command” in group “Session”
** Message: 10:42:17.593: settings.vala:540: Key file does not have key “text_editor/command” in group “Session”
** Message: 10:42:17.594: settings.vala:540: Key file does not have key “archive/command” in group “Session”
** Message: 10:42:17.594: settings.vala:540: Key file does not have key “charmap/command” in group “Session”
** Message: 10:42:17.595: settings.vala:540: Key file does not have key “calculator/command” in group “Session”
** Message: 10:42:17.595: settings.vala:540: Key file does not have key “spreadsheet/command” in group “Session”
** Message: 10:42:17.596: settings.vala:540: Key file does not have key “bittorent/command” in group “Session”
** Message: 10:42:17.596: settings.vala:540: Key file does not have key “document/command” in group “Session”
** Message: 10:42:17.597: settings.vala:540: Key file does not have key “webcam/command” in group “Session”
** Message: 10:42:17.629: settings.vala:540: Key file does not have key “burn/command” in group “Session”
** Message: 10:42:17.630: settings.vala:540: Key file does not have key “notes/command” in group “Session”
** Message: 10:42:17.630: settings.vala:540: Key file does not have key “disk_utility/command” in group “Session”
** Message: 10:42:17.630: settings.vala:540: Key file does not have key “tasks/command” in group “Session”
** Message: 10:42:17.631: settings.vala:540: Key file does not have group “Keymap”
** Message: 10:42:17.637: settings.vala:540: Key file does not have key “laptop_mode” in group “State”
** Message: 10:42:17.638: settings.vala:540: Key file does not have key “gnome” in group “Dbus”
** Message: 10:42:17.638: settings.vala:540: Key file does not have key “type” in group “Environment”
** Message: 10:42:17.639: settings.vala:540: Key file does not have key “ubuntu_menuproxy” in group “Environment”
** Message: 10:42:17.639: settings.vala:540: Key file does not have key “toolkit_integration” in group “Environment”
** Message: 10:42:17.640: settings.vala:540: Key file does not have key “gtk/overlay_scrollbar_disable” in group “Environment”
** Message: 10:42:17.640: settings.vala:540: Key file does not have key “qt/force_theme” in group “Environment”
** Message: 10:42:17.641: settings.vala:540: Key file does not have key “qt/platform” in group “Environment”
** Message: 10:42:17.672: settings.vala:462: Monitoring: /etc/xdg/lxsession/LXDE-pi/desktop.conf
** Message: 10:42:17.673: settings.vala:470: Desktop file is not in config home, monitoring creation of it
** Message: 10:42:17.682: settings.vala:485: Monitoring home path: /home/pi/.config/lxsession/LXDE-pi/desktop.conf
** Message: 10:42:17.683: environement.vala:79: Exporting variable
** Message: 10:42:17.683: environement.vala:80: desktop_environnement XDG_CURRENT_DESKTOP
** Message: 10:42:17.684: environement.vala:177: custom_config :
** Message: 10:42:17.700: environement.vala:178: config_dirs :/etc/xdg
** Message: 10:42:17.700: environement.vala:179: confir_dirs not null, export : /etc/xdg
** Message: 10:42:17.701: environement.vala:184: Exporting XDG_CONFIG_DIRS
** Message: 10:42:17.705: environement.vala:218: custom_data :
** Message: 10:42:17.705: environement.vala:219: data_dirs :/usr/local/share:/usr/share/raspi-ui-overrides:/usr/share:/usr/share/gdm:/var/lib/menu-xdg
** Message: 10:42:17.706: environement.vala:220: data_dirs not null, export : /usr/local/share:/usr/share/raspi-ui-overrides:/usr/share:/usr/share/gdm:/var/lib/menu-xdg
** Message: 10:42:17.706: environement.vala:225: Exporting XDG_DATA_DIRS
** Message: 10:42:17.706: utils.vala:39: Config system location : /etc/xdg/lxsession/LXDE-pi
** Message: 10:42:17.707: utils.vala:45: System system path location : /etc/xdg/lxsession/LXDE-pi/desktop.conf

** (lxsession:758): WARNING **: 10:42:17.717: utils.vala:70: No such file or directory
** Message: 10:42:17.717: environement.vala:254: No entry in [Environment_variable]. Key file does not have group “Environment_variable”
** Message: 10:42:17.794: utils.vala:138: Config system location : /etc/xdg/lxsession/LXDE-pi
** Message: 10:42:17.812: utils.vala:144: System system path location : /etc/xdg/lxsession/LXDE-pi/conffiles.conf
** Message: 10:42:17.812: utils.vala:148: Final file used : /etc/xdg/lxsession/LXDE-pi/conffiles.conf
** Message: 10:42:17.813: options.vala:164: Activate xsettings_manager build-in
** Message: 10:42:17.813: utils.vala:39: Config system location : /etc/xdg/lxsession/LXDE-pi
** Message: 10:42:17.814: utils.vala:45: System system path location : /etc/xdg/lxsession/LXDE-pi/desktop.conf

** (lxsession:758): WARNING **: 10:42:17.815: utils.vala:70: No such file or directory
xprop:  no such property "_NET_NUMBER_OF_DESKTOPS"
xprop:  no such property "_NET_DESKTOP_NAMES"
** Message: 10:42:18.165: app.vala:721: polkit separate
** Message: 10:42:18.166: app.vala:721: polkit separate
** Message: 10:42:18.328: app.vala:76: Launching lxpolkit 
** Message: 10:42:18.330: utils.vala:138: Config system location : /etc/xdg/lxsession/LXDE-pi
** Message: 10:42:18.330: utils.vala:144: System system path location : /etc/xdg/lxsession/LXDE-pi/autostart
** Message: 10:42:18.330: utils.vala:148: Final file used : /etc/xdg/lxsession/LXDE-pi/autostart
** Message: 10:42:18.331: autostart.vala:42: Autostart path : /etc/xdg/lxsession/LXDE-pi/autostart
** Message: 10:42:18.554: app.vala:76: Launching lxpanel 
** Message: 10:42:18.829: app.vala:76: Launching pcmanfm 

** (lxsession:758): WARNING **: 10:42:19.136: app.vala:86: Failed to execute child process “xscreensaver” (No such file or directory)

** (lxsession:758): WARNING **: 10:42:19.136: app.vala:87: Error when launching xscreensaver
** Message: 10:42:19.352: app.vala:76: Launching point-rpi 
** Message: 10:42:19.648: options.vala:107: Create build-in Clipboard
** Message: 10:42:19.765: main.vala:441: Check keymap_mode (null)
** Message: 10:42:20.063: app.vala:76: Launching /usr/bin/ssh-agent 
SSH_AUTH_SOCK=/tmp/ssh-DnpzJ4puCtuG/agent.874; export SSH_AUTH_SOCK;
SSH_AGENT_PID=893; export SSH_AGENT_PID;
echo Agent pid 893;
** Message: 10:42:24.514: app.vala:130: point-rpi exit with this type of exit: 0
** Message: 10:42:24.514: app.vala:130: /usr/bin/ssh-agent exit with this type of exit: 0
** Message: 10:42:35.753: x-terminal-emulator has very limited support, consider choose another terminal
** Message: 10:42:37.834: x-terminal-emulator has very limited support, consider choose another terminal
grep: /home/pi/.config/lxpanel/LXDE-pi/panels/*: No such file or directory
Openbox-Message: Unable to find a valid menu file "/usr/share/lxde/openbox/menu.xml"
** Message: 10:42:59.906: Connecting ...
** Message: 10:42:59.908: Status changed to down

** (lxpanel:862): WARNING **: 10:42:59.947: lxpanel: can't load volumealsabt plugin
Unit pt-device-manager.service could not be found.

** (lxpanel:862): WARNING **: 10:43:01.482: Battery 0 not found
** Message: 10:43:01.578: Status changed to opened
** Message: 10:43:01.578: Connected to dhcpcd-7.0.8
** Message: 10:43:01.614: Status changed to connected
** Message: 10:43:01.615: wlan0: Associated with A&E
** Message: 10:43:01.615: wlan0: Configured 192.168.4.49/22
** Message: 10:43:01.616: usb0: Link is down
** Message: 10:43:01.681: wlan0: WPA status connected
** Message: 10:43:01.686: wlan0: Received scan results
** Message: 10:44:00.640: wlan0: Received scan results
** Message: 10:45:00.650: wlan0: Received scan results
** Message: 10:46:00.640: wlan0: Received scan results

** (lxpanel:862): WARNING **: 10:46:50.731: lxpanel : X error: BadWindow (invalid Window parameter)

** (lxpanel:862): WARNING **: 10:46:50.758: lxpanel : X error: BadWindow (invalid Window parameter)

** (lxpanel:862): WARNING **: 10:46:50.764: lxpanel : X error: BadWindow (invalid Window parameter)

** (lxpanel:862): WARNING **: 10:46:50.773: lxpanel : X error: BadWindow (invalid Window parameter)

** (lxpanel:862): WARNING **: 10:46:50.783: lxpanel : X error: BadWindow (invalid Window parameter)

** (lxpanel:862): WARNING **: 10:46:50.804: lxpanel : X error: BadWindow (invalid Window parameter)

** (lxpanel:862): WARNING **: 10:46:50.819: lxpanel : X error: BadWindow (invalid Window parameter)

** (lxpanel:862): WARNING **: 10:46:50.849: lxpanel : X error: BadWindow (invalid Window parameter)

** (lxpanel:862): WARNING **: 10:46:50.854: lxpanel : X error: BadWindow (invalid Window parameter)

(lxpanel:862): GLib-CRITICAL **: 10:46:50.855: g_string_insert_len: assertion 'len == 0 || val != NULL' failed
** Message: 10:47:00.649: wlan0: Received scan results
** Message: 10:48:00.696: wlan0: Received scan results
** Message: 10:49:00.627: wlan0: Received scan results
** Message: 10:50:00.653: wlan0: Received scan results
** Message: 10:51:00.656: wlan0: Received scan results
** Message: 10:52:00.636: wlan0: Received scan results
** Message: 10:53:00.640: wlan0: Received scan results
** Message: 10:54:00.642: wlan0: Received scan results
** Message: 10:55:00.645: wlan0: Received scan results
** Message: 10:56:00.653: wlan0: Received scan results
** Message: 10:57:00.657: wlan0: Received scan results
** Message: 10:58:00.654: wlan0: Received scan results
** Message: 10:59:00.650: wlan0: Received scan results
** Message: 11:00:00.650: wlan0: Received scan results
** Message: 11:01:00.656: wlan0: Received scan results
** Message: 11:02:00.653: wlan0: Received scan results
** Message: 11:03:00.650: wlan0: Received scan results
** Message: 11:04:00.652: wlan0: Received scan results
** Message: 11:05:00.645: wlan0: Received scan results
** Message: 11:06:00.663: wlan0: Received scan results
** Message: 11:07:00.656: wlan0: Received scan results
** Message: 11:08:00.671: wlan0: Received scan results
** Message: 11:09:00.655: wlan0: Received scan results
** Message: 11:10:00.661: wlan0: Received scan results
** Message: 11:11:00.660: wlan0: Received scan results
** Message: 11:12:00.660: wlan0: Received scan results
** Message: 11:13:00.662: wlan0: Received scan results
** Message: 11:14:00.664: wlan0: Received scan results
** Message: 11:15:00.661: wlan0: Received scan results
** Message: 11:16:00.659: wlan0: Received scan results
** Message: 11:17:00.663: wlan0: Received scan results
** Message: 11:18:00.663: wlan0: Received scan results
** Message: 11:19:00.668: wlan0: Received scan results
** Message: 11:20:00.670: wlan0: Received scan results
** Message: 11:21:00.663: wlan0: Received scan results
** Message: 11:22:00.670: wlan0: Received scan results
** Message: 11:23:00.675: wlan0: Received scan results
** Message: 11:24:00.673: wlan0: Received scan results
** Message: 11:25:00.667: wlan0: Received scan results
** Message: 11:26:00.678: wlan0: Received scan results
** Message: 11:27:00.684: wlan0: Received scan results
** Message: 11:28:00.680: wlan0: Received scan results
** Message: 11:29:00.677: wlan0: Received scan results
** Message: 11:30:00.675: wlan0: Received scan results
** Message: 11:31:00.677: wlan0: Received scan results
** Message: 11:32:00.680: wlan0: Received scan results
** Message: 11:33:00.675: wlan0: Received scan results
** Message: 11:34:00.694: wlan0: Received scan results
** Message: 11:35:00.681: wlan0: Received scan results
** Message: 11:36:00.686: wlan0: Received scan results
** Message: 11:37:00.714: wlan0: Received scan results
** Message: 11:38:00.684: wlan0: Received scan results
** Message: 11:39:00.692: wlan0: Received scan results
** Message: 11:40:00.685: wlan0: Received scan results
** Message: 11:41:00.692: wlan0: Received scan results
** Message: 11:42:00.694: wlan0: Received scan results
** Message: 11:43:00.700: wlan0: Received scan results
** Message: 11:44:00.701: wlan0: Received scan results
** Message: 11:45:00.711: wlan0: Received scan results
** Message: 11:46:00.696: wlan0: Received scan results
** Message: 11:47:00.699: wlan0: Received scan results
** Message: 11:48:00.697: wlan0: Received scan results
** Message: 11:49:00.702: wlan0: Received scan results
** Message: 11:50:00.699: wlan0: Received scan results
** Message: 11:51:00.702: wlan0: Received scan results
** Message: 11:52:00.698: wlan0: Received scan results
** Message: 11:53:00.712: wlan0: Received scan results
** Message: 11:54:00.705: wlan0: Received scan results
** Message: 11:55:00.700: wlan0: Received scan results
** Message: 11:56:00.711: wlan0: Received scan results
** Message: 11:57:00.713: wlan0: Received scan results
** Message: 11:58:00.708: wlan0: Received scan results
** Message: 11:59:00.713: wlan0: Received scan results
** Message: 12:00:00.717: wlan0: Received scan results
** Message: 12:01:00.708: wlan0: Received scan results
** Message: 12:02:00.722: wlan0: Received scan results
** Message: 12:03:00.714: wlan0: Received scan results
** Message: 12:04:00.718: wlan0: Received scan results
** Message: 12:05:00.720: wlan0: Received scan results
** Message: 12:06:00.728: wlan0: Received scan results
** Message: 12:07:00.717: wlan0: Received scan results
** Message: 12:08:00.727: wlan0: Received scan results
** Message: 12:09:00.718: wlan0: Received scan results
** Message: 12:10:00.718: wlan0: Received scan results
** Message: 12:11:00.727: wlan0: Received scan results
** Message: 12:12:00.730: wlan0: Received scan results
** Message: 12:13:00.728: wlan0: Received scan results
** Message: 12:14:00.720: wlan0: Received scan results
** Message: 12:15:00.725: wlan0: Received scan results
** Message: 12:16:00.728: wlan0: Received scan results
** Message: 12:17:00.726: wlan0: Received scan results
** Message: 12:18:00.729: wlan0: Received scan results
** Message: 12:19:00.740: wlan0: Received scan results
** Message: 12:20:00.741: wlan0: Received scan results
** Message: 12:21:00.736: wlan0: Received scan results
** Message: 12:22:00.740: wlan0: Received scan results
** Message: 12:23:00.742: wlan0: Received scan results
** Message: 12:24:00.740: wlan0: Received scan results
** Message: 12:25:00.743: wlan0: Received scan results
** Message: 12:26:00.743: wlan0: Received scan results
** Message: 12:27:00.754: wlan0: Received scan results
** Message: 12:28:00.746: wlan0: Received scan results
** Message: 12:29:00.744: wlan0: Received scan results
** Message: 12:30:00.750: wlan0: Received scan results
** Message: 12:31:00.740: wlan0: Received scan results
** Message: 12:32:00.749: wlan0: Received scan results
** Message: 12:33:00.748: wlan0: Received scan results
** Message: 12:34:00.750: wlan0: Received scan results
** Message: 12:35:00.758: wlan0: Received scan results
** Message: 12:36:00.757: wlan0: Received scan results
** Message: 12:37:00.756: wlan0: Received scan results
** Message: 12:38:00.762: wlan0: Received scan results
** Message: 12:39:00.774: wlan0: Received scan results
** Message: 12:40:00.798: wlan0: Received scan results
** Message: 12:41:00.787: wlan0: Received scan results
** Message: 12:42:00.762: wlan0: Received scan results
** Message: 12:43:00.759: wlan0: Received scan results
** Message: 12:44:00.810: wlan0: Received scan results
** Message: 12:45:00.759: wlan0: Received scan results
** Message: 12:46:00.761: wlan0: Received scan results
** Message: 12:47:00.766: wlan0: Received scan results
** Message: 12:48:00.767: wlan0: Received scan results
** Message: 12:49:00.769: wlan0: Received scan results
** Message: 12:50:00.765: wlan0: Received scan results
** Message: 12:51:00.765: wlan0: Received scan results
** Message: 12:52:00.769: wlan0: Received scan results
